<?xml version="1.0" encoding="UTF-8"?>
<!-- Generated by org.testng.reporters.JUnitReportReporter -->
<testsuite hostname="Nagesh-24731" failures="0" tests="1" name="amazon.Multipletabs" time="32.531" errors="0" timestamp="2021-07-03T06:37:15 IST" skipped="0">
  <testcase classname="amazon.Multipletabs" name="multitabsopen" time="32.531"/>
  <system-out/>
</testsuite> <!-- amazon.Multipletabs -->
