<?xml version="1.0" encoding="UTF-8"?>
<!-- Generated by org.testng.reporters.JUnitReportReporter -->
<testsuite hostname="Nagesh-24731" failures="0" tests="1" name="Suitea.MouseoverTest" time="17.941" errors="0" timestamp="2021-06-22T22:22:54 IST" skipped="0">
  <testcase classname="Suitea.MouseoverTest" name="mousetes" time="17.941"/>
  <system-out/>
</testsuite> <!-- Suitea.MouseoverTest -->
