<?xml version="1.0" encoding="UTF-8"?>
<!-- Generated by org.testng.reporters.JUnitReportReporter -->
<testsuite skipped="0" hostname="Nagesh-24731" name="seleniumwebdriver.Gmail" tests="1" failures="0" timestamp="2021-09-03T13:07:26 IST" time="17.701" errors="0">
  <testcase name="testapp" time="17.701" classname="seleniumwebdriver.Gmail"/>
  <system-out/>
</testsuite> <!-- seleniumwebdriver.Gmail -->
