<?xml version="1.0" encoding="UTF-8"?>
<!-- Generated by org.testng.reporters.JUnitReportReporter -->
<testsuite hostname="Nagesh-24731" failures="0" tests="1" name="amazon.one" time="36.777" errors="0" timestamp="2021-06-30T05:20:54 IST" skipped="0">
  <testcase classname="amazon.one" name="website" time="36.777"/>
  <system-out/>
</testsuite> <!-- amazon.one -->
