<?xml version="1.0" encoding="UTF-8"?>
<!-- Generated by org.testng.reporters.JUnitReportReporter -->
<testsuite hostname="Nagesh-24731" failures="0" tests="1" name="amazon.Amazon1" time="42.266" errors="0" timestamp="2021-06-29T18:11:48 IST" skipped="0">
  <testcase classname="amazon.Amazon1" name="website" time="42.266"/>
  <system-out/>
</testsuite> <!-- amazon.Amazon1 -->
