<?xml version="1.0" encoding="UTF-8"?>
<!-- Generated by org.testng.reporters.JUnitReportReporter -->
<testsuite skipped="0" hostname="Nagesh-24731" name="amazon.Amazongeneric" tests="1" failures="0" timestamp="2021-07-09T14:18:19 IST" time="24.642" errors="0">
  <testcase name="app" time="24.642" classname="amazon.Amazongeneric"/>
  <system-out/>
</testsuite> <!-- amazon.Amazongeneric -->
