<?xml version="1.0" encoding="UTF-8"?>
<!-- Generated by org.testng.reporters.JUnitReportReporter -->
<testsuite hostname="Nagesh-24731" failures="0" tests="1" name="amazon.Mouseover" time="22.963" errors="0" timestamp="2021-06-21T06:50:40 IST" skipped="0">
  <testcase classname="amazon.Mouseover" name="mousetest" time="22.963"/>
  <system-out/>
</testsuite> <!-- amazon.Mouseover -->
