<?xml version="1.0" encoding="UTF-8"?>
<!-- Generated by org.testng.reporters.JUnitReportReporter -->
<testsuite skipped="0" hostname="Nagesh-24731" name="amazon.Amazon" tests="1" failures="0" timestamp="2021-08-21T15:10:51 IST" time="27.126" errors="0">
  <testcase name="login" time="27.126" classname="amazon.Amazon"/>
  <system-out/>
</testsuite> <!-- amazon.Amazon -->
