<?xml version="1.0" encoding="UTF-8"?>
<!-- Generated by org.testng.reporters.JUnitReportReporter -->
<testsuite hostname="Nagesh-24731" failures="0" tests="1" name="Suiteb.Multipletabs" time="53.340" errors="0" timestamp="2021-06-22T16:55:09 IST" skipped="0">
  <testcase classname="Suiteb.Multipletabs" name="multitabsopen" time="53.340"/>
  <system-out/>
</testsuite> <!-- Suiteb.Multipletabs -->
