<?xml version="1.0" encoding="UTF-8"?>
<!-- Generated by org.testng.reporters.JUnitReportReporter -->
<testsuite hostname="Nagesh-24731" failures="0" tests="1" name="amazon.WebLinks" time="39.601" errors="0" timestamp="2021-06-22T06:17:23 IST" skipped="0">
  <testcase classname="amazon.WebLinks" name="findlinks" time="39.601"/>
  <system-out/>
</testsuite> <!-- amazon.WebLinks -->
