<?xml version="1.0" encoding="UTF-8"?>
<!-- Generated by org.testng.reporters.JUnitReportReporter -->
<testsuite hostname="Nagesh-24731" failures="0" tests="1" name="Suitea.Mouseover" time="143.446" errors="0" timestamp="2021-06-22T07:04:26 IST" skipped="0">
  <testcase classname="Suitea.Mouseover" name="mousetest" time="143.446"/>
  <system-out/>
</testsuite> <!-- Suitea.Mouseover -->
