<?xml version="1.0" encoding="UTF-8"?>
<!-- Generated by org.testng.reporters.JUnitReportReporter -->
<testsuite hostname="Nagesh-24731" failures="0" tests="1" name="amazon.Screenshot" time="38.607" errors="0" timestamp="2021-06-28T07:14:04 IST" skipped="0">
  <testcase classname="amazon.Screenshot" name="snapshot" time="38.607"/>
  <system-out/>
</testsuite> <!-- amazon.Screenshot -->
